[08-Aug-2021 03:11:00 UTC] PHP Fatal error:  Uncaught Error: Call to undefined function get_eyecatch_with_default() in /Users/taichi_kobayashi/Local Sites/wordpressflogsite/app/public/wp-content/themes/flog_site/single.php:17
Stack trace:
#0 /Users/taichi_kobayashi/Local Sites/wordpressflogsite/app/public/wp-includes/template-loader.php(106): include()
#1 /Users/taichi_kobayashi/Local Sites/wordpressflogsite/app/public/wp-blog-header.php(19): require_once('/Users/taichi_k...')
#2 /Users/taichi_kobayashi/Local Sites/wordpressflogsite/app/public/index.php(17): require('/Users/taichi_k...')
#3 {main}
  thrown in /Users/taichi_kobayashi/Local Sites/wordpressflogsite/app/public/wp-content/themes/flog_site/single.php on line 17
[08-Aug-2021 03:45:12 UTC] WordPress データベースエラー: Server shutdown in progress for query UPDATE `wp_options` SET `option_value` = 'O:8:\"stdClass\":4:{s:7:\"updates\";a:1:{i:0;O:8:\"stdClass\":10:{s:8:\"response\";s:6:\"latest\";s:8:\"download\";s:60:\"https://downloads.wordpress.org/release/ja/wordpress-5.8.zip\";s:6:\"locale\";s:2:\"ja\";s:8:\"packages\";O:8:\"stdClass\":5:{s:4:\"full\";s:60:\"https://downloads.wordpress.org/release/ja/wordpress-5.8.zip\";s:10:\"no_content\";s:0:\"\";s:11:\"new_bundled\";s:0:\"\";s:7:\"partial\";s:0:\"\";s:8:\"rollback\";s:0:\"\";}s:7:\"current\";s:3:\"5.8\";s:7:\"version\";s:3:\"5.8\";s:11:\"php_version\";s:6:\"5.6.20\";s:13:\"mysql_version\";s:3:\"5.0\";s:11:\"new_bundled\";s:3:\"5.6\";s:15:\"partial_version\";s:0:\"\";}}s:12:\"last_checked\";i:1628394312;s:15:\"version_checked\";s:3:\"5.8\";s:12:\"translations\";a:0:{}}', `autoload` = 'no' WHERE `option_name` = '_site_transient_update_core' made by include('phar:///Applications/Local.app/Contents/Resources/extraResources/bin/wp-cli/wp-cli.phar/php/boot-phar.php'), include('phar:///Applications/Local.app/Contents/Resources/extraResources/bin/wp-cli/wp-cli.phar/vendor/wp-cli/wp-cli/php/wp-cli.php'), WP_CLI\bootstrap, WP_CLI\Bootstrap\LaunchRunner->process, WP_CLI\Runner->start, WP_CLI\Runner->run_command_and_exit, WP_CLI\Runner->run_command, WP_CLI\Dispatcher\Subcommand->invoke, call_user_func, WP_CLI\Dispatcher\CommandFactory::WP_CLI\Dispatcher\{closure}, call_user_func, Core_Command->check_update, Core_Command->get_updates, wp_version_check, set_site_transient, update_site_option, update_network_option, update_option
[10-Aug-2021 01:58:14 UTC] PHP Warning:  Use of undefined constant medium - assumed 'medium' (this will throw an Error in a future version of PHP) in /Users/taichi_kobayashi/Local Sites/wordpressflogsite/app/public/wp-content/themes/flog_site/page-2.php on line 40
[10-Aug-2021 01:58:14 UTC] PHP Stack trace:
[10-Aug-2021 01:58:14 UTC] PHP   1. {main}() /Users/taichi_kobayashi/Local Sites/wordpressflogsite/app/public/index.php:0
[10-Aug-2021 01:58:14 UTC] PHP   2. require() /Users/taichi_kobayashi/Local Sites/wordpressflogsite/app/public/index.php:17
[10-Aug-2021 01:58:14 UTC] PHP   3. require_once() /Users/taichi_kobayashi/Local Sites/wordpressflogsite/app/public/wp-blog-header.php:19
[10-Aug-2021 01:58:14 UTC] PHP   4. include() /Users/taichi_kobayashi/Local Sites/wordpressflogsite/app/public/wp-includes/template-loader.php:106
[10-Aug-2021 01:58:14 UTC] PHP Warning:  Use of undefined constant medium - assumed 'medium' (this will throw an Error in a future version of PHP) in /Users/taichi_kobayashi/Local Sites/wordpressflogsite/app/public/wp-content/themes/flog_site/page-2.php on line 40
[10-Aug-2021 01:58:14 UTC] PHP Stack trace:
[10-Aug-2021 01:58:14 UTC] PHP   1. {main}() /Users/taichi_kobayashi/Local Sites/wordpressflogsite/app/public/index.php:0
[10-Aug-2021 01:58:14 UTC] PHP   2. require() /Users/taichi_kobayashi/Local Sites/wordpressflogsite/app/public/index.php:17
[10-Aug-2021 01:58:14 UTC] PHP   3. require_once() /Users/taichi_kobayashi/Local Sites/wordpressflogsite/app/public/wp-blog-header.php:19
[10-Aug-2021 01:58:14 UTC] PHP   4. include() /Users/taichi_kobayashi/Local Sites/wordpressflogsite/app/public/wp-includes/template-loader.php:106
[10-Aug-2021 01:58:14 UTC] PHP Warning:  Use of undefined constant medium - assumed 'medium' (this will throw an Error in a future version of PHP) in /Users/taichi_kobayashi/Local Sites/wordpressflogsite/app/public/wp-content/themes/flog_site/page-2.php on line 40
[10-Aug-2021 01:58:14 UTC] PHP Stack trace:
[10-Aug-2021 01:58:14 UTC] PHP   1. {main}() /Users/taichi_kobayashi/Local Sites/wordpressflogsite/app/public/index.php:0
[10-Aug-2021 01:58:14 UTC] PHP   2. require() /Users/taichi_kobayashi/Local Sites/wordpressflogsite/app/public/index.php:17
[10-Aug-2021 01:58:14 UTC] PHP   3. require_once() /Users/taichi_kobayashi/Local Sites/wordpressflogsite/app/public/wp-blog-header.php:19
[10-Aug-2021 01:58:14 UTC] PHP   4. include() /Users/taichi_kobayashi/Local Sites/wordpressflogsite/app/public/wp-includes/template-loader.php:106
[10-Aug-2021 01:58:14 UTC] PHP Warning:  Use of undefined constant medium - assumed 'medium' (this will throw an Error in a future version of PHP) in /Users/taichi_kobayashi/Local Sites/wordpressflogsite/app/public/wp-content/themes/flog_site/page-2.php on line 40
[10-Aug-2021 01:58:14 UTC] PHP Stack trace:
[10-Aug-2021 01:58:14 UTC] PHP   1. {main}() /Users/taichi_kobayashi/Local Sites/wordpressflogsite/app/public/index.php:0
[10-Aug-2021 01:58:14 UTC] PHP   2. require() /Users/taichi_kobayashi/Local Sites/wordpressflogsite/app/public/index.php:17
[10-Aug-2021 01:58:14 UTC] PHP   3. require_once() /Users/taichi_kobayashi/Local Sites/wordpressflogsite/app/public/wp-blog-header.php:19
[10-Aug-2021 01:58:14 UTC] PHP   4. include() /Users/taichi_kobayashi/Local Sites/wordpressflogsite/app/public/wp-includes/template-loader.php:106
[10-Aug-2021 01:58:14 UTC] PHP Warning:  Use of undefined constant medium - assumed 'medium' (this will throw an Error in a future version of PHP) in /Users/taichi_kobayashi/Local Sites/wordpressflogsite/app/public/wp-content/themes/flog_site/page-2.php on line 40
[10-Aug-2021 01:58:14 UTC] PHP Stack trace:
[10-Aug-2021 01:58:14 UTC] PHP   1. {main}() /Users/taichi_kobayashi/Local Sites/wordpressflogsite/app/public/index.php:0
[10-Aug-2021 01:58:14 UTC] PHP   2. require() /Users/taichi_kobayashi/Local Sites/wordpressflogsite/app/public/index.php:17
[10-Aug-2021 01:58:14 UTC] PHP   3. require_once() /Users/taichi_kobayashi/Local Sites/wordpressflogsite/app/public/wp-blog-header.php:19
[10-Aug-2021 01:58:14 UTC] PHP   4. include() /Users/taichi_kobayashi/Local Sites/wordpressflogsite/app/public/wp-includes/template-loader.php:106
[10-Aug-2021 01:58:14 UTC] PHP Warning:  Use of undefined constant medium - assumed 'medium' (this will throw an Error in a future version of PHP) in /Users/taichi_kobayashi/Local Sites/wordpressflogsite/app/public/wp-content/themes/flog_site/page-2.php on line 40
[10-Aug-2021 01:58:14 UTC] PHP Stack trace:
[10-Aug-2021 01:58:14 UTC] PHP   1. {main}() /Users/taichi_kobayashi/Local Sites/wordpressflogsite/app/public/index.php:0
[10-Aug-2021 01:58:14 UTC] PHP   2. require() /Users/taichi_kobayashi/Local Sites/wordpressflogsite/app/public/index.php:17
[10-Aug-2021 01:58:14 UTC] PHP   3. require_once() /Users/taichi_kobayashi/Local Sites/wordpressflogsite/app/public/wp-blog-header.php:19
[10-Aug-2021 01:58:14 UTC] PHP   4. include() /Users/taichi_kobayashi/Local Sites/wordpressflogsite/app/public/wp-includes/template-loader.php:106
